生成启动时间为 2015/11/16 10:24:19。
     1>项目“d:\documents\visual studio 2015\Projects\watermarkUI\watermarkUI\watermarkUI.vcxproj”在节点 2 上(Build 个目标)。
     1>Link:
         D:\Program Files (x86)\Microsoft Visual Studio 14.0\VC\bin\link.exe /ERRORREPORT:PROMPT /OUT:"d:\documents\visual studio 2015\Projects\watermarkUI\Release\watermarkUI.exe" /INCREMENTAL:NO /NOLOGO avcodec.lib avformat.lib avutil.lib avdevice.lib avfilter.lib postproc.lib swresample.lib swscale.lib opencv_ml249d.lib opencv_calib3d249d.lib opencv_contrib249d.lib opencv_core249d.lib opencv_features2d249d.lib opencv_flann249d.lib opencv_gpu249d.lib opencv_highgui249d.lib opencv_imgproc249d.lib opencv_legacy249d.lib opencv_objdetect249d.lib opencv_ts249d.lib opencv_video249d.lib opencv_nonfree249d.lib opencv_ocl249d.lib opencv_photo249d.lib opencv_stitching249d.lib opencv_superres249d.lib opencv_videostab249d.lib /ASSEMBLYRESOURCE:Release\watermarkUI.MyForm.resources /MANIFEST /MANIFESTUAC:"level='asInvoker' uiAccess='false'" /manifest:embed /Debug /PDB:"d:\documents\visual studio 2015\Projects\watermarkUI\Release\watermarkUI.pdb" /TLBID:1 /DYNAMICBASE /FIXED:NO /NXCOMPAT /MACHINE:X86 /SAFESEH Release\DCT.obj
         Release\encoder.obj
         Release\MyForm.obj
         Release\sift.obj
         Release\videoprocessor.obj
         "Release\.NETFramework,Version=v4.5.2.AssemblyAttributes.obj"
     1>opencv_ts249d.lib(ts_perf.obj) : error LNK2038: 检测到“_MSC_VER”的不匹配项: 值“1800”不匹配值“1900”(DCT.obj 中)
     1>opencv_ts249d.lib(ts_perf.obj) : error LNK2038: 检测到“_ITERATOR_DEBUG_LEVEL”的不匹配项: 值“2”不匹配值“0”(DCT.obj 中)
     1>opencv_ts249d.lib(ts_perf.obj) : error LNK2038: 检测到“RuntimeLibrary”的不匹配项: 值“MDd_DynamicDebug”不匹配值“MD_DynamicRelease”(DCT.obj 中)
     1>opencv_ts249d.lib(opencv_ts_pch.obj) : error LNK2038: 检测到“_MSC_VER”的不匹配项: 值“1800”不匹配值“1900”(DCT.obj 中)
     1>opencv_ts249d.lib(opencv_ts_pch.obj) : error LNK2038: 检测到“_ITERATOR_DEBUG_LEVEL”的不匹配项: 值“2”不匹配值“0”(DCT.obj 中)
     1>opencv_ts249d.lib(opencv_ts_pch.obj) : error LNK2038: 检测到“RuntimeLibrary”的不匹配项: 值“MDd_DynamicDebug”不匹配值“MD_DynamicRelease”(DCT.obj 中)
     1>opencv_ts249d.lib(ts_gtest.obj) : error LNK2038: 检测到“_MSC_VER”的不匹配项: 值“1800”不匹配值“1900”(DCT.obj 中)
     1>opencv_ts249d.lib(ts_gtest.obj) : error LNK2038: 检测到“_ITERATOR_DEBUG_LEVEL”的不匹配项: 值“2”不匹配值“0”(DCT.obj 中)
     1>opencv_ts249d.lib(ts_gtest.obj) : error LNK2038: 检测到“RuntimeLibrary”的不匹配项: 值“MDd_DynamicDebug”不匹配值“MD_DynamicRelease”(DCT.obj 中)
     1>LINK : warning LNK4098: 默认库“MSVCRTD”与其他库的使用冲突；请使用 /NODEFAULTLIB:library
     1>opencv_ts249d.lib(ts_perf.obj) : warning LNK4217: 本地定义的符号 ??0exception@std@@QAE@ABV01@@Z (public: __thiscall std::exception::exception(class std::exception const &)) 在函数 "public: __thiscall cv::Exception::Exception(class cv::Exception const &)" (??0Exception@cv@@QAE@ABV01@@Z) 中导入
     1>opencv_ts249d.lib(ts_gtest.obj) : warning LNK4049: 已导入本地定义的符号 ??0exception@std@@QAE@ABV01@@Z (public: __thiscall std::exception::exception(class std::exception const &))
     1>opencv_ts249d.lib(ts_perf.obj) : warning LNK4217: 本地定义的符号 ??1exception@std@@UAE@XZ (public: virtual __thiscall std::exception::~exception(void)) 在函数 __unwindfunclet$??0Exception@cv@@QAE@ABV01@@Z$0 中导入
     1>opencv_ts249d.lib(ts_gtest.obj) : warning LNK4049: 已导入本地定义的符号 ??1exception@std@@UAE@XZ (public: virtual __thiscall std::exception::~exception(void))
     1>opencv_ts249d.lib(ts_perf.obj) : warning LNK4217: 本地定义的符号 _printf 在函数 "public: static void __cdecl perf::TestBase::Init(class std::vector<class std::basic_string<char,struct std::char_traits<char>,class std::allocator<char> >,class std::allocator<class std::basic_string<char,struct std::char_traits<char>,class std::allocator<char> > > > const &,int,char const * const * const)" (?Init@TestBase@perf@@SAXABV?$vector@V?$basic_string@DU?$char_traits@D@std@@V?$allocator@D@2@@std@@V?$allocator@V?$basic_string@DU?$char_traits@D@std@@V?$allocator@D@2@@std@@@2@@std@@HQBQBD@Z) 中导入
     1>opencv_ts249d.lib(ts_gtest.obj) : warning LNK4049: 已导入本地定义的符号 _printf
     1>opencv_ts249d.lib(ts_gtest.obj) : warning LNK4217: 本地定义的符号 _fprintf 在函数 "public: __thiscall testing::internal::XmlUnitTestResultPrinter::XmlUnitTestResultPrinter(char const *)" (??0XmlUnitTestResultPrinter@internal@testing@@QAE@PBD@Z) 中导入
     1>encoder.obj : warning LNK4248: 无法解析 typeref 标记(0100001D)(为“SwsContext”)；映像可能无法运行
     1>encoder.obj : warning LNK4248: 无法解析 typeref 标记(01000024)(为“AVDictionary”)；映像可能无法运行
     1>opencv_ts249d.lib(ts_perf.obj) : error LNK2019: 无法解析的外部符号 __imp___invalid_parameter，该符号在函数 "public: bool __thiscall std::_Tree_const_iterator<class std::_Tree_val<struct std::_Tree_simple_types<struct std::pair<class std::basic_string<char,struct std::char_traits<char>,class std::allocator<char> > const ,class std::vector<class std::basic_string<char,struct std::char_traits<char>,class std::allocator<char> >,class std::allocator<class std::basic_string<char,struct std::char_traits<char>,class std::allocator<char> > > > > > > >::operator==(class std::_Tree_const_iterator<class std::_Tree_val<struct std::_Tree_simple_types<struct std::pair<class std::basic_string<char,struct std::char_traits<char>,class std::allocator<char> > const ,class std::vector<class std::basic_string<char,struct std::char_traits<char>,class std::allocator<char> >,class std::allocator<class std::basic_string<char,struct std::char_traits<char>,class std::allocator<char> > > > > > > > const &)const " (??8?$_Tree_const_iterator@V?$_Tree_val@U?$_Tree_simple_types@U?$pair@$$CBV?$basic_string@DU?$char_traits@D@std@@V?$allocator@D@2@@std@@V?$vector@V?$basic_string@DU?$char_traits@D@std@@V?$allocator@D@2@@std@@V?$allocator@V?$basic_string@DU?$char_traits@D@std@@V?$allocator@D@2@@std@@@2@@2@@std@@@std@@@std@@@std@@QBE_NABV01@@Z) 中被引用
     1>opencv_ts249d.lib(ts_gtest.obj) : error LNK2001: 无法解析的外部符号 __imp___invalid_parameter
     1>opencv_ts249d.lib(ts_perf.obj) : error LNK2019: 无法解析的外部符号 __imp____iob_func，该符号在函数 "public: static void __cdecl perf::TestBase::Init(class std::vector<class std::basic_string<char,struct std::char_traits<char>,class std::allocator<char> >,class std::allocator<class std::basic_string<char,struct std::char_traits<char>,class std::allocator<char> > > > const &,int,char const * const * const)" (?Init@TestBase@perf@@SAXABV?$vector@V?$basic_string@DU?$char_traits@D@std@@V?$allocator@D@2@@std@@V?$allocator@V?$basic_string@DU?$char_traits@D@std@@V?$allocator@D@2@@std@@@2@@std@@HQBQBD@Z) 中被引用
     1>opencv_ts249d.lib(ts_gtest.obj) : error LNK2001: 无法解析的外部符号 __imp____iob_func
     1>opencv_ts249d.lib(ts_perf.obj) : error LNK2019: 无法解析的外部符号 __imp___CrtDbgReportW，该符号在函数 "public: bool __thiscall std::_Tree_const_iterator<class std::_Tree_val<struct std::_Tree_simple_types<struct std::pair<class std::basic_string<char,struct std::char_traits<char>,class std::allocator<char> > const ,class std::vector<class std::basic_string<char,struct std::char_traits<char>,class std::allocator<char> >,class std::allocator<class std::basic_string<char,struct std::char_traits<char>,class std::allocator<char> > > > > > > >::operator==(class std::_Tree_const_iterator<class std::_Tree_val<struct std::_Tree_simple_types<struct std::pair<class std::basic_string<char,struct std::char_traits<char>,class std::allocator<char> > const ,class std::vector<class std::basic_string<char,struct std::char_traits<char>,class std::allocator<char> >,class std::allocator<class std::basic_string<char,struct std::char_traits<char>,class std::allocator<char> > > > > > > > const &)const " (??8?$_Tree_const_iterator@V?$_Tree_val@U?$_Tree_simple_types@U?$pair@$$CBV?$basic_string@DU?$char_traits@D@std@@V?$allocator@D@2@@std@@V?$vector@V?$basic_string@DU?$char_traits@D@std@@V?$allocator@D@2@@std@@V?$allocator@V?$basic_string@DU?$char_traits@D@std@@V?$allocator@D@2@@std@@@2@@2@@std@@@std@@@std@@@std@@QBE_NABV01@@Z) 中被引用
     1>opencv_ts249d.lib(ts_gtest.obj) : error LNK2001: 无法解析的外部符号 __imp___CrtDbgReportW
     1>opencv_ts249d.lib(ts_perf.obj) : error LNK2019: 无法解析的外部符号 "__declspec(dllimport) public: __thiscall std::_Container_base12::_Container_base12(void)" (__imp_??0_Container_base12@std@@QAE@XZ)，该符号在函数 "public: __thiscall std::_String_val<struct std::_Simple_types<char> >::_String_val<struct std::_Simple_types<char> >(void)" (??0?$_String_val@U?$_Simple_types@D@std@@@std@@QAE@XZ) 中被引用
     1>opencv_ts249d.lib(opencv_ts_pch.obj) : error LNK2001: 无法解析的外部符号 "__declspec(dllimport) public: __thiscall std::_Container_base12::_Container_base12(void)" (__imp_??0_Container_base12@std@@QAE@XZ)
     1>opencv_ts249d.lib(ts_gtest.obj) : error LNK2001: 无法解析的外部符号 "__declspec(dllimport) public: __thiscall std::_Container_base12::_Container_base12(void)" (__imp_??0_Container_base12@std@@QAE@XZ)
     1>opencv_ts249d.lib(ts_perf.obj) : error LNK2019: 无法解析的外部符号 "__declspec(dllimport) public: __thiscall std::_Container_base12::~_Container_base12(void)" (__imp_??1_Container_base12@std@@QAE@XZ)，该符号在函数 __unwindfunclet$??0?$_String_val@U?$_Simple_types@D@std@@@std@@QAE@XZ$0 中被引用
     1>opencv_ts249d.lib(opencv_ts_pch.obj) : error LNK2001: 无法解析的外部符号 "__declspec(dllimport) public: __thiscall std::_Container_base12::~_Container_base12(void)" (__imp_??1_Container_base12@std@@QAE@XZ)
     1>opencv_ts249d.lib(ts_gtest.obj) : error LNK2001: 无法解析的外部符号 "__declspec(dllimport) public: __thiscall std::_Container_base12::~_Container_base12(void)" (__imp_??1_Container_base12@std@@QAE@XZ)
     1>opencv_ts249d.lib(ts_perf.obj) : error LNK2019: 无法解析的外部符号 "__declspec(dllimport) public: struct std::_Iterator_base12 * * __thiscall std::_Container_base12::_Getpfirst(void)const " (__imp_?_Getpfirst@_Container_base12@std@@QBEPAPAU_Iterator_base12@2@XZ)，该符号在函数 "protected: void __thiscall std::_Tree<class std::_Tmap_traits<class std::basic_string<char,struct std::char_traits<char>,class std::allocator<char> >,class std::vector<class std::basic_string<char,struct std::char_traits<char>,class std::allocator<char> >,class std::allocator<class std::basic_string<char,struct std::char_traits<char>,class std::allocator<char> > > >,struct std::less<class std::basic_string<char,struct std::char_traits<char>,class std::allocator<char> > >,class std::allocator<struct std::pair<class std::basic_string<char,struct std::char_traits<char>,class std::allocator<char> > const ,class std::vector<class std::basic_string<char,struct std::char_traits<char>,class std::allocator<char> >,class std::allocator<class std::basic_string<char,struct std::char_traits<char>,class std::allocator<char> > > > > >,0> >::_Orphan_ptr(class std::_Tree<class std::_Tmap_traits<class std::basic_string<char,struct std::char_traits<char>,class std::allocator<char> >,class std::vector<class std::basic_string<char,struct std::char_traits<char>,class std::allocator<char> >,class std::allocator<class std::basic_string<char,struct std::char_traits<char>,class std::allocator<char> > > >,struct std::less<class std::basic_string<char,struct std::char_traits<char>,class std::allocator<char> > >,class std::allocator<struct std::pair<class std::basic_string<char,struct std::char_traits<char>,class std::allocator<char> > const ,class std::vector<class std::basic_string<char,struct std::char_traits<char>,class std::allocator<char> >,class std::allocator<class std::basic_string<char,struct std::char_traits<char>,class std::allocator<char> > > > > >,0> > &,struct std::_Tree_node<struct std::pair<class std::basic_string<char,struct std::char_traits<char>,class std::allocator<char> > const ,class std::vector<class std::basic_string<char,struct std::char_traits<char>,class std::allocator<char> >,class std::allocator<class std::basic_string<char,struct std::char_traits<char>,class std::allocator<char> > > > >,void *> *)const " (?_Orphan_ptr@?$_Tree@V?$_Tmap_traits@V?$basic_string@DU?$char_traits@D@std@@V?$allocator@D@2@@std@@V?$vector@V?$basic_string@DU?$char_traits@D@std@@V?$allocator@D@2@@std@@V?$allocator@V?$basic_string@DU?$char_traits@D@std@@V?$allocator@D@2@@std@@@2@@2@U?$less@V?$basic_string@DU?$char_traits@D@std@@V?$allocator@D@2@@std@@@2@V?$allocator@U?$pair@$$CBV?$basic_string@DU?$char_traits@D@std@@V?$allocator@D@2@@std@@V?$vector@V?$basic_string@DU?$char_traits@D@std@@V?$allocator@D@2@@std@@V?$allocator@V?$basic_string@DU?$char_traits@D@std@@V?$allocator@D@2@@std@@@2@@2@@std@@@2@$0A@@std@@@std@@IBEXAAV12@PAU?$_Tree_node@U?$pair@$$CBV?$basic_string@DU?$char_traits@D@std@@V?$allocator@D@2@@std@@V?$vector@V?$basic_string@DU?$char_traits@D@std@@V?$allocator@D@2@@std@@V?$allocator@V?$basic_string@DU?$char_traits@D@std@@V?$allocator@D@2@@std@@@2@@2@@std@@PAX@2@@Z) 中被引用
     1>opencv_ts249d.lib(ts_gtest.obj) : error LNK2001: 无法解析的外部符号 "__declspec(dllimport) public: struct std::_Iterator_base12 * * __thiscall std::_Container_base12::_Getpfirst(void)const " (__imp_?_Getpfirst@_Container_base12@std@@QBEPAPAU_Iterator_base12@2@XZ)
     1>opencv_ts249d.lib(ts_perf.obj) : error LNK2019: 无法解析的外部符号 "__declspec(dllimport) public: void __thiscall std::_Container_base12::_Orphan_all(void)" (__imp_?_Orphan_all@_Container_base12@std@@QAEXXZ)，该符号在函数 "public: class std::vector<class std::basic_string<char,struct std::char_traits<char>,class std::allocator<char> >,class std::allocator<class std::basic_string<char,struct std::char_traits<char>,class std::allocator<char> > > > & __thiscall std::vector<class std::basic_string<char,struct std::char_traits<char>,class std::allocator<char> >,class std::allocator<class std::basic_string<char,struct std::char_traits<char>,class std::allocator<char> > > >::operator=(class std::vector<class std::basic_string<char,struct std::char_traits<char>,class std::allocator<char> >,class std::allocator<class std::basic_string<char,struct std::char_traits<char>,class std::allocator<char> > > > const &)" (??4?$vector@V?$basic_string@DU?$char_traits@D@std@@V?$allocator@D@2@@std@@V?$allocator@V?$basic_string@DU?$char_traits@D@std@@V?$allocator@D@2@@std@@@2@@std@@QAEAAV01@ABV01@@Z) 中被引用
     1>opencv_ts249d.lib(opencv_ts_pch.obj) : error LNK2001: 无法解析的外部符号 "__declspec(dllimport) public: void __thiscall std::_Container_base12::_Orphan_all(void)" (__imp_?_Orphan_all@_Container_base12@std@@QAEXXZ)
     1>opencv_ts249d.lib(ts_gtest.obj) : error LNK2001: 无法解析的外部符号 "__declspec(dllimport) public: void __thiscall std::_Container_base12::_Orphan_all(void)" (__imp_?_Orphan_all@_Container_base12@std@@QAEXXZ)
     1>opencv_ts249d.lib(ts_perf.obj) : error LNK2019: 无法解析的外部符号 "__declspec(dllimport) public: void __thiscall std::_Container_base12::_Swap_all(struct std::_Container_base12 &)" (__imp_?_Swap_all@_Container_base12@std@@QAEXAAU12@@Z)，该符号在函数 "public: void __thiscall std::vector<class cv::KeyPoint,class std::allocator<class cv::KeyPoint> >::swap(class std::vector<class cv::KeyPoint,class std::allocator<class cv::KeyPoint> > &)" (?swap@?$vector@VKeyPoint@cv@@V?$allocator@VKeyPoint@cv@@@std@@@std@@QAEXAAV12@@Z) 中被引用
     1>opencv_ts249d.lib(ts_gtest.obj) : error LNK2001: 无法解析的外部符号 "__declspec(dllimport) public: void __thiscall std::_Container_base12::_Swap_all(struct std::_Container_base12 &)" (__imp_?_Swap_all@_Container_base12@std@@QAEXAAU12@@Z)
     1>opencv_ts249d.lib(opencv_ts_pch.obj) : error LNK2019: 无法解析的外部符号 "__declspec(dllimport) char const * __cdecl std::_Winerror_map(int)" (__imp_?_Winerror_map@std@@YAPBDH@Z)，该符号在函数 "public: virtual class std::basic_string<char,struct std::char_traits<char>,class std::allocator<char> > __thiscall std::_System_error_category::message(int)const " (?message@_System_error_category@std@@UBE?AV?$basic_string@DU?$char_traits@D@std@@V?$allocator@D@2@@2@H@Z) 中被引用
     1>opencv_ts249d.lib(ts_gtest.obj) : error LNK2019: 无法解析的外部符号 "__declspec(dllimport) public: __thiscall std::exception::exception(char const * const &)" (__imp_??0exception@std@@QAE@ABQBD@Z)，该符号在函数 "public: __thiscall std::runtime_error::runtime_error(char const *)" (??0runtime_error@std@@QAE@PBD@Z) 中被引用
     1>opencv_ts249d.lib(ts_gtest.obj) : error LNK2019: 无法解析的外部符号 __imp___snprintf_s，该符号在函数 "void __cdecl testing::`anonymous namespace'::PrintByteSegmentInObjectTo(unsigned char const *,unsigned int,unsigned int,class std::basic_ostream<char,struct std::char_traits<char> > *)" (?PrintByteSegmentInObjectTo@?A0xe4749470@testing@@YAXPBEIIPAV?$basic_ostream@DU?$char_traits@D@std@@@std@@@Z) 中被引用
     1>opencv_ts249d.lib(ts_gtest.obj) : error LNK2019: 无法解析的外部符号 __imp__vprintf，该符号在函数 "void __cdecl testing::internal::ColoredPrintf(enum testing::internal::GTestColor,char const *,...)" (?ColoredPrintf@internal@testing@@YAXW4GTestColor@12@PBDZZ) 中被引用
     1>d:\documents\visual studio 2015\Projects\watermarkUI\Release\watermarkUI.exe : fatal error LNK1120: 12 个无法解析的外部命令
     1>已完成生成项目“d:\documents\visual studio 2015\Projects\watermarkUI\watermarkUI\watermarkUI.vcxproj”(Build 个目标)的操作 - 失败。

生成失败。

已用时间 00:00:00.77
